<?xml version="1.0" encoding="UTF-8"?>
<!-- Generated by org.testng.reporters.JUnitReportReporter -->
<testsuite hostname="SRINIVAS-G2005" failures="0" tests="1" name="tutorialsPoint.Handling_Slider" time="3.656" errors="0" timestamp="2025-07-01T20:16:59 IST" skipped="0">
  <testcase classname="tutorialsPoint.Handling_Slider" name="handlingSlider" time="3.656"/>
</testsuite> <!-- tutorialsPoint.Handling_Slider -->
