<?xml version="1.0" encoding="UTF-8"?>
<!-- Generated by org.testng.reporters.JUnitReportReporter -->
<testsuite hostname="SRINIVAS-G2005" failures="0" tests="1" name="demoJQueryMobile.HandlingSlider" time="0.570" errors="0" timestamp="2025-03-23T18:35:35 IST" skipped="0">
  <testcase classname="demoJQueryMobile.HandlingSlider" name="handlingSlider" time="0.570"/>
</testsuite> <!-- demoJQueryMobile.HandlingSlider -->
