<?xml version="1.0" encoding="UTF-8"?>
<!-- Generated by org.testng.reporters.JUnitReportReporter -->
<testsuite hostname="SRINIVAS-G2005" failures="0" tests="1" name="jQueryUI.HandlingSlider" time="3.184" errors="0" timestamp="2025-07-20T20:25:26 IST" skipped="0">
  <testcase classname="jQueryUI.HandlingSlider" name="handlingSlider" time="3.184"/>
</testsuite> <!-- jQueryUI.HandlingSlider -->
