<?xml version="1.0" encoding="UTF-8"?>
<!-- Generated by org.testng.reporters.JUnitReportReporter -->
<testsuite hostname="SRINIVAS-G2005" failures="0" tests="1" name="jQueryUI.HandlingSlider" time="3.182" errors="0" timestamp="2025-07-20T20:33:54 IST" skipped="0">
  <testcase classname="jQueryUI.HandlingSlider" name="handlingSliderA1" time="3.182"/>
</testsuite> <!-- jQueryUI.HandlingSlider -->
