<?xml version="1.0" encoding="UTF-8"?>
<!-- Generated by org.testng.reporters.JUnitReportReporter -->
<testsuite hostname="SRINIVAS-G2005" failures="0" tests="3" name="demoJQueryMobile.HandlingSlider" time="2.590" errors="0" timestamp="2025-03-24T06:10:15 IST" skipped="0">
  <testcase classname="demoJQueryMobile.HandlingSlider" name="basicSlider" time="0.885"/>
  <testcase classname="demoJQueryMobile.HandlingSlider" name="stepAttributeSlider" time="0.870"/>
  <testcase classname="demoJQueryMobile.HandlingSlider" name="no_highlightSlider" time="0.835"/>
</testsuite> <!-- demoJQueryMobile.HandlingSlider -->
