<?xml version="1.0" encoding="UTF-8"?>
<!-- Generated by org.testng.reporters.JUnitReportReporter -->
<testsuite hostname="SRINIVAS-G2005" failures="0" tests="3" name="demoJQueryMobile.HandlingSlider" time="0.640" errors="0" timestamp="2025-03-23T20:20:26 IST" skipped="0">
  <testcase classname="demoJQueryMobile.HandlingSlider" name="basicSlider" time="0.519"/>
  <testcase classname="demoJQueryMobile.HandlingSlider" name="highlightSlider" time="0.064"/>
  <testcase classname="demoJQueryMobile.HandlingSlider" name="stepAttributeSlider" time="0.057"/>
</testsuite> <!-- demoJQueryMobile.HandlingSlider -->
