<?xml version="1.0" encoding="UTF-8"?>
<!-- Generated by org.testng.reporters.JUnitReportReporter -->
<testsuite hostname="SRINIVAS-G2005" failures="0" tests="1" name="JQueyScript_PriceSlider.PriceRangeSlider" time="0.190" errors="0" timestamp="2025-03-24T06:52:11 IST" skipped="0">
  <testcase classname="JQueyScript_PriceSlider.PriceRangeSlider" name="byUpdatingValues" time="0.190"/>
</testsuite> <!-- JQueyScript_PriceSlider.PriceRangeSlider -->
