<?xml version="1.0" encoding="UTF-8"?>
<!-- Generated by org.testng.reporters.JUnitReportReporter -->
<testsuite hostname="SRINIVAS-G2005" failures="0" tests="3" name="demoJQueryMobile.HandlingSlider" time="1.281" errors="0" timestamp="2025-03-24T06:20:32 IST" skipped="0">
  <testcase classname="demoJQueryMobile.HandlingSlider" name="basicSlider" time="0.445"/>
  <testcase classname="demoJQueryMobile.HandlingSlider" name="stepAttributeSlider" time="0.418"/>
  <testcase classname="demoJQueryMobile.HandlingSlider" name="highlightSlider" time="0.418"/>
</testsuite> <!-- demoJQueryMobile.HandlingSlider -->
