<?xml version="1.0" encoding="UTF-8"?>
<!-- Generated by org.testng.reporters.JUnitReportReporter -->
<testsuite hostname="SRINIVAS-G2005" failures="0" tests="2" name="JQueyScript_PriceSlider.PriceRangeSlider" time="1.093" errors="0" timestamp="2025-03-24T18:16:13 IST" skipped="0">
  <testcase classname="JQueyScript_PriceSlider.PriceRangeSlider" name="priceRangeSlider" time="0.412"/>
  <testcase classname="JQueyScript_PriceSlider.PriceRangeSlider" name="byUpdatingValues" time="0.681"/>
</testsuite> <!-- JQueyScript_PriceSlider.PriceRangeSlider -->
